2026-03-30 14:59:46,051 - data-ingestion - DEBUG - Data Loaded Successfully C:\Users\aman.tyagi\Desktop\MLOPS-DVC-Pipeline\experiments\spam.csv
2026-03-30 14:59:46,053 - data-ingestion - ERROR - Missing Column in dataframe: "['Unnamed:2', 'Unnamed:3', 'Unnamed:4'] not found in axis"
2026-03-30 14:59:46,056 - data-ingestion - ERROR - An error occured in main function: Expected sequence or array-like, got <class 'NoneType'>
2026-03-30 15:04:46,643 - data-ingestion - DEBUG - Data Loaded Successfully https://raw.githubusercontent.com/vikashishere/YT-MLOPS-Complete-ML-Pipeline/refs/heads/main/experiments/spam.csv
2026-03-30 15:04:46,649 - data-ingestion - ERROR - Missing Column in dataframe: "['Unnamed:2', 'Unnamed:3', 'Unnamed:4'] not found in axis"
2026-03-30 15:04:46,651 - data-ingestion - ERROR - An error occured in main function: Expected sequence or array-like, got <class 'NoneType'>
2026-03-30 15:08:29,553 - data-ingestion - DEBUG - Data Loaded Successfully https://raw.githubusercontent.com/vikashishere/YT-MLOPS-Complete-ML-Pipeline/refs/heads/main/experiments/spam.csv
2026-03-30 15:08:29,564 - data-ingestion - DEBUG - Data preprocessing completed
2026-03-30 15:08:29,613 - data-ingestion - DEBUG - Train and test data saved to ./data\raw
2026-04-07 12:54:03,992 - data-ingestion - DEBUG - Data Loaded Successfully https://raw.githubusercontent.com/vikashishere/YT-MLOPS-Complete-ML-Pipeline/refs/heads/main/experiments/spam.csv
2026-04-07 12:54:03,994 - data-ingestion - DEBUG - Data preprocessing completed
2026-04-07 12:54:04,023 - data-ingestion - DEBUG - Train and test data saved to ./data\raw
2026-04-07 15:43:12,027 - data-ingestion - ERROR - An error occured in main function: name 'yaml' is not defined
2026-04-07 15:44:55,681 - data-ingestion - DEBUG - Parameters retrieved from params.yaml
2026-04-07 15:44:56,631 - data-ingestion - DEBUG - Data Loaded Successfully https://raw.githubusercontent.com/vikashishere/YT-MLOPS-Complete-ML-Pipeline/refs/heads/main/experiments/spam.csv
2026-04-07 15:44:56,637 - data-ingestion - DEBUG - Data preprocessing completed
2026-04-07 15:44:56,662 - data-ingestion - DEBUG - Train and test data saved to ./data\raw
2026-04-07 16:42:02,406 - data-ingestion - DEBUG - Parameters retrieved from params.yaml
2026-04-07 16:42:05,271 - data-ingestion - DEBUG - Data Loaded Successfully https://raw.githubusercontent.com/vikashishere/YT-MLOPS-Complete-ML-Pipeline/refs/heads/main/experiments/spam.csv
2026-04-07 16:42:05,277 - data-ingestion - DEBUG - Data preprocessing completed
2026-04-07 16:42:05,302 - data-ingestion - DEBUG - Train and test data saved to ./data\raw
