2026-04-06 16:27:24,921 - model-training - ERROR - Failed to complete the model building process: name 'load_data' is not defined
2026-04-06 16:28:42,088 - model-training - DEBUG - Data loaded from ./data/processed/train_tfidf.csv with shape (4152, 51)
2026-04-06 16:28:42,092 - model-training - DEBUG - Initilizing RandomForestClassifier with parameters: {'n_estimators': 25, 'random_state': 2}
2026-04-06 16:28:42,092 - model-training - DEBUG - Model training startede with 4152 samples
2026-04-06 16:28:42,260 - model-training - DEBUG - Model training completed
2026-04-06 16:28:42,269 - model-training - DEBUG - Model saved to models/model.pkl
2026-04-07 12:57:52,436 - model-training - DEBUG - Data loaded from ./data/processed/train_tfidf.csv with shape (4152, 51)
2026-04-07 12:57:52,438 - model-training - DEBUG - Initilizing RandomForestClassifier with parameters: {'n_estimators': 25, 'random_state': 2}
2026-04-07 12:57:52,438 - model-training - DEBUG - Model training startede with 4152 samples
2026-04-07 12:57:52,599 - model-training - DEBUG - Model training completed
2026-04-07 12:57:52,606 - model-training - DEBUG - Model saved to models/model.pkl
2026-04-07 15:45:07,561 - model-training - DEBUG - Parameters retrieved from params.yaml
2026-04-07 15:45:07,578 - model-training - DEBUG - Data loaded from ./data/processed/train_tfidf.csv with shape (4152, 36)
2026-04-07 15:45:07,580 - model-training - DEBUG - Initilizing RandomForestClassifier with parameters: {'n_estimators': 22, 'random_state': 2}
2026-04-07 15:45:07,580 - model-training - DEBUG - Model training startede with 4152 samples
2026-04-07 15:45:07,676 - model-training - DEBUG - Model training completed
2026-04-07 15:45:07,682 - model-training - DEBUG - Model saved to models/model.pkl
2026-04-07 16:46:49,027 - model-training - DEBUG - Parameters retrieved from params.yaml
2026-04-07 16:46:49,060 - model-training - DEBUG - Data loaded from ./data/processed/train_tfidf.csv with shape (4413, 41)
2026-04-07 16:46:49,063 - model-training - DEBUG - Initilizing RandomForestClassifier with parameters: {'n_estimators': 22, 'random_state': 2}
2026-04-07 16:46:49,063 - model-training - DEBUG - Model training startede with 4413 samples
2026-04-07 16:46:49,278 - model-training - DEBUG - Model training completed
2026-04-07 16:46:49,287 - model-training - DEBUG - Model saved to models/model.pkl
2026-04-08 11:11:13,748 - model-training - DEBUG - Parameters retrieved from params.yaml
2026-04-08 11:11:13,776 - model-training - DEBUG - Data loaded from ./data/processed/train_tfidf.csv with shape (4670, 31)
2026-04-08 11:11:13,779 - model-training - DEBUG - Initilizing RandomForestClassifier with parameters: {'n_estimators': 22, 'random_state': 2}
2026-04-08 11:11:13,780 - model-training - DEBUG - Model training startede with 4670 samples
2026-04-08 11:11:13,953 - model-training - DEBUG - Model training completed
2026-04-08 11:11:13,965 - model-training - DEBUG - Model saved to models/model.pkl
